# JRE version: OpenJDK Runtime Environment Temurin-21.0.9+10 (21.0.9+10) (build 21.0.9+10-LTS)
# Java VM: OpenJDK 64-Bit Server VM Temurin-21.0.9+10 (21.0.9+10-LTS, mixed mode, sharing, tiered, compressed oops, compressed class ptrs, parallel gc, windows-amd64)
GC Precious Log:
 CardTable entry size: 512
 CPUs: 2 total, 2 available
 Memory: 10155M
 Large Page Support: Disabled
 NUMA Support: Disabled
 Compressed Oops: Enabled (32-bit)
 Alignments: Space 512K, Generation 512K, Heap 2M
 Heap Min Capacity: 100M
 Heap Initial Capacity: 100M
 Heap Max Capacity: 2G
 Pre-touch: Disabled
 Parallel Workers: 2
Heap:
 PSYoungGen      total 14848K, used 2050K [0x00000000d5580000, 0x00000000d6800000, 0x0000000100000000)
  eden space 13824K, 7% used [0x00000000d5580000,0x00000000d56889c0,0x00000000d6300000)
  from space 1024K, 96% used [0x00000000d6580000,0x00000000d6678020,0x00000000d6680000)
  to   space 2560K, 0% used [0x00000000d6300000,0x00000000d6300000,0x00000000d6580000)
 ParOldGen       total 68608K, used 56563K [0x0000000080000000, 0x0000000084300000, 0x00000000d5580000)
  object space 68608K, 82% used [0x0000000080000000,0x000000008373cf30,0x0000000084300000)
 Metaspace       used 57981K, committed 59328K, reserved 1114112K
  class space    used 6764K, committed 7296K, reserved 1048576K
GC Heap History (20 events):
Event: 43.469 GC heap before
{Heap before GC invocations=35 (full 2):
 PSYoungGen      total 14336K, used 14263K [0x00000000d5580000, 0x00000000d6980000, 0x0000000100000000)
  eden space 13824K, 100% used [0x00000000d5580000,0x00000000d6300000,0x00000000d6300000)
  from space 512K, 85% used [0x00000000d6900000,0x00000000d696ded0,0x00000000d6980000)
  to   space 512K, 0% used [0x00000000d6880000,0x00000000d6880000,0x00000000d6900000)
 ParOldGen       total 68608K, used 41386K [0x0000000080000000, 0x0000000084300000, 0x00000000d5580000)
  object space 68608K, 60% used [0x0000000080000000,0x000000008286a978,0x0000000084300000)
 Metaspace       used 56417K, committed 57664K, reserved 1114112K
  class space    used 6610K, committed 7104K, reserved 1048576K
}
Event: 43.477 GC heap after
{Heap after GC invocations=35 (full 2):
 PSYoungGen      total 14336K, used 496K [0x00000000d5580000, 0x00000000d6c00000, 0x0000000100000000)
  eden space 13824K, 0% used [0x00000000d5580000,0x00000000d5580000,0x00000000d6300000)
  from space 512K, 96% used [0x00000000d6880000,0x00000000d68fc010,0x00000000d6900000)
  to   space 3072K, 0% used [0x00000000d6900000,0x00000000d6900000,0x00000000d6c00000)
 ParOldGen       total 68608K, used 44481K [0x0000000080000000, 0x0000000084300000, 0x00000000d5580000)
  object space 68608K, 64% used [0x0000000080000000,0x0000000082b705a0,0x0000000084300000)
 Metaspace       used 56417K, committed 57664K, reserved 1114112K
  class space    used 6610K, committed 7104K, reserved 1048576K
}
Event: 43.968 GC heap before
{Heap before GC invocations=36 (full 2):
 PSYoungGen      total 14336K, used 14320K [0x00000000d5580000, 0x00000000d6c00000, 0x0000000100000000)
  eden space 13824K, 100% used [0x00000000d5580000,0x00000000d6300000,0x00000000d6300000)
  from space 512K, 96% used [0x00000000d6880000,0x00000000d68fc010,0x00000000d6900000)
  to   space 3072K, 0% used [0x00000000d6900000,0x00000000d6900000,0x00000000d6c00000)
 ParOldGen       total 68608K, used 44481K [0x0000000080000000, 0x0000000084300000, 0x00000000d5580000)
  object space 68608K, 64% used [0x0000000080000000,0x0000000082b705a0,0x0000000084300000)
 Metaspace       used 56916K, committed 58240K, reserved 1114112K
  class space    used 6655K, committed 7168K, reserved 1048576K
}
Event: 43.976 GC heap after
{Heap after GC invocations=36 (full 2):
 PSYoungGen      total 15360K, used 1408K [0x00000000d5580000, 0x00000000d6a80000, 0x0000000100000000)
  eden space 13824K, 0% used [0x00000000d5580000,0x00000000d5580000,0x00000000d6300000)
  from space 1536K, 91% used [0x00000000d6900000,0x00000000d6a60030,0x00000000d6a80000)
  to   space 2560K, 0% used [0x00000000d6580000,0x00000000d6580000,0x00000000d6800000)
 ParOldGen       total 68608K, used 44953K [0x0000000080000000, 0x0000000084300000, 0x00000000d5580000)
  object space 68608K, 65% used [0x0000000080000000,0x0000000082be65a0,0x0000000084300000)
 Metaspace       used 56916K, committed 58240K, reserved 1114112K
  class space    used 6655K, committed 7168K, reserved 1048576K
}
Event: 44.339 GC heap before
{Heap before GC invocations=37 (full 2):
 PSYoungGen      total 15360K, used 15232K [0x00000000d5580000, 0x00000000d6a80000, 0x0000000100000000)
  eden space 13824K, 100% used [0x00000000d5580000,0x00000000d6300000,0x00000000d6300000)
  from space 1536K, 91% used [0x00000000d6900000,0x00000000d6a60030,0x00000000d6a80000)
  to   space 2560K, 0% used [0x00000000d6580000,0x00000000d6580000,0x00000000d6800000)
 ParOldGen       total 68608K, used 44953K [0x0000000080000000, 0x0000000084300000, 0x00000000d5580000)
  object space 68608K, 65% used [0x0000000080000000,0x0000000082be65a0,0x0000000084300000)
 Metaspace       used 57077K, committed 58368K, reserved 1114112K
  class space    used 6674K, committed 7168K, reserved 1048576K
}
Event: 44.344 GC heap after
{Heap after GC invocations=37 (full 2):
 PSYoungGen      total 15872K, used 1585K [0x00000000d5580000, 0x00000000d6980000, 0x0000000100000000)
  eden space 13824K, 0% used [0x00000000d5580000,0x00000000d5580000,0x00000000d6300000)
  from space 2048K, 77% used [0x00000000d6580000,0x00000000d670c410,0x00000000d6780000)
  to   space 2048K, 0% used [0x00000000d6780000,0x00000000d6780000,0x00000000d6980000)
 ParOldGen       total 68608K, used 46257K [0x0000000080000000, 0x0000000084300000, 0x00000000d5580000)
  object space 68608K, 67% used [0x0000000080000000,0x0000000082d2c5d0,0x0000000084300000)
 Metaspace       used 57077K, committed 58368K, reserved 1114112K
  class space    used 6674K, committed 7168K, reserved 1048576K
}
Event: 44.427 GC heap before
{Heap before GC invocations=38 (full 2):
 PSYoungGen      total 15872K, used 15409K [0x00000000d5580000, 0x00000000d6980000, 0x0000000100000000)
  eden space 13824K, 100% used [0x00000000d5580000,0x00000000d6300000,0x00000000d6300000)
  from space 2048K, 77% used [0x00000000d6580000,0x00000000d670c410,0x00000000d6780000)
  to   space 2048K, 0% used [0x00000000d6780000,0x00000000d6780000,0x00000000d6980000)
 ParOldGen       total 68608K, used 46257K [0x0000000080000000, 0x0000000084300000, 0x00000000d5580000)
  object space 68608K, 67% used [0x0000000080000000,0x0000000082d2c5d0,0x0000000084300000)
 Metaspace       used 57336K, committed 58624K, reserved 1114112K
  class space    used 6711K, committed 7232K, reserved 1048576K
}
Event: 44.438 GC heap after
{Heap after GC invocations=38 (full 2):
 PSYoungGen      total 15872K, used 1600K [0x00000000d5580000, 0x00000000d6980000, 0x0000000100000000)
  eden space 13824K, 0% used [0x00000000d5580000,0x00000000d5580000,0x00000000d6300000)
  from space 2048K, 78% used [0x00000000d6780000,0x00000000d6910040,0x00000000d6980000)
  to   space 2048K, 0% used [0x00000000d6580000,0x00000000d6580000,0x00000000d6780000)
 ParOldGen       total 68608K, used 47738K [0x0000000080000000, 0x0000000084300000, 0x00000000d5580000)
  object space 68608K, 69% used [0x0000000080000000,0x0000000082e9e9d0,0x0000000084300000)
 Metaspace       used 57336K, committed 58624K, reserved 1114112K
  class space    used 6711K, committed 7232K, reserved 1048576K
}
Event: 44.621 GC heap before
{Heap before GC invocations=39 (full 2):
 PSYoungGen      total 15872K, used 15424K [0x00000000d5580000, 0x00000000d6980000, 0x0000000100000000)
  eden space 13824K, 100% used [0x00000000d5580000,0x00000000d6300000,0x00000000d6300000)
  from space 2048K, 78% used [0x00000000d6780000,0x00000000d6910040,0x00000000d6980000)
  to   space 2048K, 0% used [0x00000000d6580000,0x00000000d6580000,0x00000000d6780000)
 ParOldGen       total 68608K, used 47738K [0x0000000080000000, 0x0000000084300000, 0x00000000d5580000)
  object space 68608K, 69% used [0x0000000080000000,0x0000000082e9e9d0,0x0000000084300000)
 Metaspace       used 57346K, committed 58624K, reserved 1114112K
  class space    used 6711K, committed 7232K, reserved 1048576K
}
Event: 44.626 GC heap after
{Heap after GC invocations=39 (full 2):
 PSYoungGen      total 15872K, used 1666K [0x00000000d5580000, 0x00000000d6800000, 0x0000000100000000)
  eden space 13824K, 0% used [0x00000000d5580000,0x00000000d5580000,0x00000000d6300000)
  from space 2048K, 81% used [0x00000000d6580000,0x00000000d6720800,0x00000000d6780000)
  to   space 512K, 0% used [0x00000000d6780000,0x00000000d6780000,0x00000000d6800000)
 ParOldGen       total 68608K, used 49245K [0x0000000080000000, 0x0000000084300000, 0x00000000d5580000)
  object space 68608K, 71% used [0x0000000080000000,0x00000000830176f8,0x0000000084300000)
 Metaspace       used 57346K, committed 58624K, reserved 1114112K
  class space    used 6711K, committed 7232K, reserved 1048576K
}
Event: 44.765 GC heap before
{Heap before GC invocations=40 (full 2):
 PSYoungGen      total 15872K, used 15490K [0x00000000d5580000, 0x00000000d6800000, 0x0000000100000000)
  eden space 13824K, 100% used [0x00000000d5580000,0x00000000d6300000,0x00000000d6300000)
  from space 2048K, 81% used [0x00000000d6580000,0x00000000d6720800,0x00000000d6780000)
  to   space 512K, 0% used [0x00000000d6780000,0x00000000d6780000,0x00000000d6800000)
 ParOldGen       total 68608K, used 49245K [0x0000000080000000, 0x0000000084300000, 0x00000000d5580000)
  object space 68608K, 71% used [0x0000000080000000,0x00000000830176f8,0x0000000084300000)
 Metaspace       used 57357K, committed 58688K, reserved 1114112K
  class space    used 6712K, committed 7232K, reserved 1048576K
}
Event: 44.773 GC heap after
{Heap after GC invocations=40 (full 2):
 PSYoungGen      total 14336K, used 512K [0x00000000d5580000, 0x00000000d6a00000, 0x0000000100000000)
  eden space 13824K, 0% used [0x00000000d5580000,0x00000000d5580000,0x00000000d6300000)
  from space 512K, 100% used [0x00000000d6780000,0x00000000d6800000,0x00000000d6800000)
  to   space 3584K, 0% used [0x00000000d6300000,0x00000000d6300000,0x00000000d6680000)
 ParOldGen       total 68608K, used 51747K [0x0000000080000000, 0x0000000084300000, 0x00000000d5580000)
  object space 68608K, 75% used [0x0000000080000000,0x0000000083288d20,0x0000000084300000)
 Metaspace       used 57357K, committed 58688K, reserved 1114112K
  class space    used 6712K, committed 7232K, reserved 1048576K
}
Event: 44.904 GC heap before
{Heap before GC invocations=41 (full 2):
 PSYoungGen      total 14336K, used 14336K [0x00000000d5580000, 0x00000000d6a00000, 0x0000000100000000)
  eden space 13824K, 100% used [0x00000000d5580000,0x00000000d6300000,0x00000000d6300000)
  from space 512K, 100% used [0x00000000d6780000,0x00000000d6800000,0x00000000d6800000)
  to   space 3584K, 0% used [0x00000000d6300000,0x00000000d6300000,0x00000000d6680000)
 ParOldGen       total 68608K, used 51747K [0x0000000080000000, 0x0000000084300000, 0x00000000d5580000)
  object space 68608K, 75% used [0x0000000080000000,0x0000000083288d20,0x0000000084300000)
 Metaspace       used 57358K, committed 58688K, reserved 1114112K
  class space    used 6712K, committed 7232K, reserved 1048576K
}
Event: 44.908 GC heap after
{Heap after GC invocations=41 (full 2):
 PSYoungGen      total 15360K, used 1408K [0x00000000d5580000, 0x00000000d6800000, 0x0000000100000000)
  eden space 13824K, 0% used [0x00000000d5580000,0x00000000d5580000,0x00000000d6300000)
  from space 1536K, 91% used [0x00000000d6300000,0x00000000d6460000,0x00000000d6480000)
  to   space 2048K, 0% used [0x00000000d6600000,0x00000000d6600000,0x00000000d6800000)
 ParOldGen       total 68608K, used 52267K [0x0000000080000000, 0x0000000084300000, 0x00000000d5580000)
  object space 68608K, 76% used [0x0000000080000000,0x000000008330ad20,0x0000000084300000)
 Metaspace       used 57358K, committed 58688K, reserved 1114112K
  class space    used 6712K, committed 7232K, reserved 1048576K
}
Event: 45.109 GC heap before
{Heap before GC invocations=42 (full 2):
 PSYoungGen      total 15360K, used 15232K [0x00000000d5580000, 0x00000000d6800000, 0x0000000100000000)
  eden space 13824K, 100% used [0x00000000d5580000,0x00000000d6300000,0x00000000d6300000)
  from space 1536K, 91% used [0x00000000d6300000,0x00000000d6460000,0x00000000d6480000)
  to   space 2048K, 0% used [0x00000000d6600000,0x00000000d6600000,0x00000000d6800000)
 ParOldGen       total 68608K, used 52267K [0x0000000080000000, 0x0000000084300000, 0x00000000d5580000)
  object space 68608K, 76% used [0x0000000080000000,0x000000008330ad20,0x0000000084300000)
 Metaspace       used 57382K, committed 58688K, reserved 1114112K
  class space    used 6712K, committed 7232K, reserved 1048576K
}
Event: 45.115 GC heap after
{Heap after GC invocations=42 (full 2):
 PSYoungGen      total 15872K, used 1568K [0x00000000d5580000, 0x00000000d6800000, 0x0000000100000000)
  eden space 13824K, 0% used [0x00000000d5580000,0x00000000d5580000,0x00000000d6300000)
  from space 2048K, 76% used [0x00000000d6600000,0x00000000d6788010,0x00000000d6800000)
  to   space 2048K, 0% used [0x00000000d6400000,0x00000000d6400000,0x00000000d6600000)
 ParOldGen       total 68608K, used 53667K [0x0000000080000000, 0x0000000084300000, 0x00000000d5580000)
  object space 68608K, 78% used [0x0000000080000000,0x0000000083468d20,0x0000000084300000)
 Metaspace       used 57382K, committed 58688K, reserved 1114112K
  class space    used 6712K, committed 7232K, reserved 1048576K
}
Event: 45.340 GC heap before
{Heap before GC invocations=43 (full 2):
 PSYoungGen      total 15872K, used 15392K [0x00000000d5580000, 0x00000000d6800000, 0x0000000100000000)
  eden space 13824K, 100% used [0x00000000d5580000,0x00000000d6300000,0x00000000d6300000)
  from space 2048K, 76% used [0x00000000d6600000,0x00000000d6788010,0x00000000d6800000)
  to   space 2048K, 0% used [0x00000000d6400000,0x00000000d6400000,0x00000000d6600000)
 ParOldGen       total 68608K, used 53667K [0x0000000080000000, 0x0000000084300000, 0x00000000d5580000)
  object space 68608K, 78% used [0x0000000080000000,0x0000000083468d20,0x0000000084300000)
 Metaspace       used 57459K, committed 58752K, reserved 1114112K
  class space    used 6712K, committed 7232K, reserved 1048576K
}
Event: 45.346 GC heap after
{Heap after GC invocations=43 (full 2):
 PSYoungGen      total 15360K, used 1368K [0x00000000d5580000, 0x00000000d6680000, 0x0000000100000000)
  eden space 13824K, 0% used [0x00000000d5580000,0x00000000d5580000,0x00000000d6300000)
  from space 1536K, 89% used [0x00000000d6400000,0x00000000d6556200,0x00000000d6580000)
  to   space 1024K, 0% used [0x00000000d6580000,0x00000000d6580000,0x00000000d6680000)
 ParOldGen       total 68608K, used 55219K [0x0000000080000000, 0x0000000084300000, 0x00000000d5580000)
  object space 68608K, 80% used [0x0000000080000000,0x00000000835ecd30,0x0000000084300000)
 Metaspace       used 57459K, committed 58752K, reserved 1114112K
  class space    used 6712K, committed 7232K, reserved 1048576K
}
Event: 46.009 GC heap before
{Heap before GC invocations=44 (full 2):
 PSYoungGen      total 15360K, used 15192K [0x00000000d5580000, 0x00000000d6680000, 0x0000000100000000)
  eden space 13824K, 100% used [0x00000000d5580000,0x00000000d6300000,0x00000000d6300000)
  from space 1536K, 89% used [0x00000000d6400000,0x00000000d6556200,0x00000000d6580000)
  to   space 1024K, 0% used [0x00000000d6580000,0x00000000d6580000,0x00000000d6680000)
 ParOldGen       total 68608K, used 55219K [0x0000000080000000, 0x0000000084300000, 0x00000000d5580000)
  object space 68608K, 80% used [0x0000000080000000,0x00000000835ecd30,0x0000000084300000)
 Metaspace       used 57857K, committed 59136K, reserved 1114112K
  class space    used 6751K, committed 7232K, reserved 1048576K
}
Event: 46.014 GC heap after
{Heap after GC invocations=44 (full 2):
 PSYoungGen      total 14848K, used 992K [0x00000000d5580000, 0x00000000d6800000, 0x0000000100000000)
  eden space 13824K, 0% used [0x00000000d5580000,0x00000000d5580000,0x00000000d6300000)
  from space 1024K, 96% used [0x00000000d6580000,0x00000000d6678020,0x00000000d6680000)
  to   space 2560K, 0% used [0x00000000d6300000,0x00000000d6300000,0x00000000d6580000)
 ParOldGen       total 68608K, used 56563K [0x0000000080000000, 0x0000000084300000, 0x00000000d5580000)
  object space 68608K, 82% used [0x0000000080000000,0x000000008373cf30,0x0000000084300000)
 Metaspace       used 57857K, committed 59136K, reserved 1114112K
  class space    used 6751K, committed 7232K, reserved 1048576K
}

