# JRE version: OpenJDK Runtime Environment Temurin-21.0.9+10 (21.0.9+10) (build 21.0.9+10-LTS)
# Java VM: OpenJDK 64-Bit Server VM Temurin-21.0.9+10 (21.0.9+10-LTS, mixed mode, sharing, tiered, compressed oops, compressed class ptrs, parallel gc, windows-amd64)
GC Precious Log:
 CardTable entry size: 512
 CPUs: 2 total, 2 available
 Memory: 10155M
 Large Page Support: Disabled
 NUMA Support: Disabled
 Compressed Oops: Enabled (32-bit)
 Alignments: Space 512K, Generation 512K, Heap 2M
 Heap Min Capacity: 100M
 Heap Initial Capacity: 100M
 Heap Max Capacity: 2G
 Pre-touch: Disabled
 Parallel Workers: 2
Heap:
 PSYoungGen      total 13824K, used 10501K [0x00000000d5580000, 0x00000000d6580000, 0x0000000100000000)
  eden space 12288K, 75% used [0x00000000d5580000,0x00000000d5e932e8,0x00000000d6180000)
  from space 1536K, 78% used [0x00000000d6180000,0x00000000d62ae200,0x00000000d6300000)
  to   space 2048K, 0% used [0x00000000d6380000,0x00000000d6380000,0x00000000d6580000)
 ParOldGen       total 68608K, used 56884K [0x0000000080000000, 0x0000000084300000, 0x00000000d5580000)
  object space 68608K, 82% used [0x0000000080000000,0x000000008378d370,0x0000000084300000)
 Metaspace       used 62582K, committed 64000K, reserved 1114112K
  class space    used 7347K, committed 7936K, reserved 1048576K
GC Heap History (20 events):
Event: 129.414 GC heap before
{Heap before GC invocations=37 (full 3):
 PSYoungGen      total 14848K, used 14400K [0x00000000d5580000, 0x00000000d6a80000, 0x0000000100000000)
  eden space 14336K, 100% used [0x00000000d5580000,0x00000000d6380000,0x00000000d6380000)
  from space 512K, 12% used [0x00000000d6980000,0x00000000d6990000,0x00000000d6a00000)
  to   space 512K, 0% used [0x00000000d6a00000,0x00000000d6a00000,0x00000000d6a80000)
 ParOldGen       total 68608K, used 41736K [0x0000000080000000, 0x0000000084300000, 0x00000000d5580000)
  object space 68608K, 60% used [0x0000000080000000,0x00000000828c2330,0x0000000084300000)
 Metaspace       used 59969K, committed 61248K, reserved 1114112K
  class space    used 7097K, committed 7616K, reserved 1048576K
}
Event: 129.418 GC heap after
{Heap after GC invocations=37 (full 3):
 PSYoungGen      total 14848K, used 503K [0x00000000d5580000, 0x00000000d6b80000, 0x0000000100000000)
  eden space 14336K, 0% used [0x00000000d5580000,0x00000000d5580000,0x00000000d6380000)
  from space 512K, 98% used [0x00000000d6a00000,0x00000000d6a7ded0,0x00000000d6a80000)
  to   space 4096K, 0% used [0x00000000d6380000,0x00000000d6380000,0x00000000d6780000)
 ParOldGen       total 68608K, used 44592K [0x0000000080000000, 0x0000000084300000, 0x00000000d5580000)
  object space 68608K, 64% used [0x0000000080000000,0x0000000082b8c058,0x0000000084300000)
 Metaspace       used 59969K, committed 61248K, reserved 1114112K
  class space    used 7097K, committed 7616K, reserved 1048576K
}
Event: 130.339 GC heap before
{Heap before GC invocations=38 (full 3):
 PSYoungGen      total 14848K, used 14839K [0x00000000d5580000, 0x00000000d6b80000, 0x0000000100000000)
  eden space 14336K, 100% used [0x00000000d5580000,0x00000000d6380000,0x00000000d6380000)
  from space 512K, 98% used [0x00000000d6a00000,0x00000000d6a7ded0,0x00000000d6a80000)
  to   space 4096K, 0% used [0x00000000d6380000,0x00000000d6380000,0x00000000d6780000)
 ParOldGen       total 68608K, used 44592K [0x0000000080000000, 0x0000000084300000, 0x00000000d5580000)
  object space 68608K, 64% used [0x0000000080000000,0x0000000082b8c058,0x0000000084300000)
 Metaspace       used 61431K, committed 62848K, reserved 1114112K
  class space    used 7238K, committed 7872K, reserved 1048576K
}
Event: 130.345 GC heap after
{Heap after GC invocations=38 (full 3):
 PSYoungGen      total 18432K, used 1168K [0x00000000d5580000, 0x00000000d6a80000, 0x0000000100000000)
  eden space 14336K, 0% used [0x00000000d5580000,0x00000000d5580000,0x00000000d6380000)
  from space 4096K, 28% used [0x00000000d6380000,0x00000000d64a4030,0x00000000d6780000)
  to   space 2048K, 0% used [0x00000000d6880000,0x00000000d6880000,0x00000000d6a80000)
 ParOldGen       total 68608K, used 44834K [0x0000000080000000, 0x0000000084300000, 0x00000000d5580000)
  object space 68608K, 65% used [0x0000000080000000,0x0000000082bc8918,0x0000000084300000)
 Metaspace       used 61431K, committed 62848K, reserved 1114112K
  class space    used 7238K, committed 7872K, reserved 1048576K
}
Event: 130.565 GC heap before
{Heap before GC invocations=39 (full 3):
 PSYoungGen      total 18432K, used 15504K [0x00000000d5580000, 0x00000000d6a80000, 0x0000000100000000)
  eden space 14336K, 100% used [0x00000000d5580000,0x00000000d6380000,0x00000000d6380000)
  from space 4096K, 28% used [0x00000000d6380000,0x00000000d64a4030,0x00000000d6780000)
  to   space 2048K, 0% used [0x00000000d6880000,0x00000000d6880000,0x00000000d6a80000)
 ParOldGen       total 68608K, used 44834K [0x0000000080000000, 0x0000000084300000, 0x00000000d5580000)
  object space 68608K, 65% used [0x0000000080000000,0x0000000082bc8918,0x0000000084300000)
 Metaspace       used 61460K, committed 62848K, reserved 1114112K
  class space    used 7238K, committed 7872K, reserved 1048576K
}
Event: 130.570 GC heap after
{Heap after GC invocations=39 (full 3):
 PSYoungGen      total 15872K, used 1504K [0x00000000d5580000, 0x00000000d6a00000, 0x0000000100000000)
  eden space 14336K, 0% used [0x00000000d5580000,0x00000000d5580000,0x00000000d6380000)
  from space 1536K, 97% used [0x00000000d6880000,0x00000000d69f8010,0x00000000d6a00000)
  to   space 2048K, 0% used [0x00000000d6600000,0x00000000d6600000,0x00000000d6800000)
 ParOldGen       total 68608K, used 45923K [0x0000000080000000, 0x0000000084300000, 0x00000000d5580000)
  object space 68608K, 66% used [0x0000000080000000,0x0000000082cd8c00,0x0000000084300000)
 Metaspace       used 61460K, committed 62848K, reserved 1114112K
  class space    used 7238K, committed 7872K, reserved 1048576K
}
Event: 130.773 GC heap before
{Heap before GC invocations=40 (full 3):
 PSYoungGen      total 15872K, used 15840K [0x00000000d5580000, 0x00000000d6a00000, 0x0000000100000000)
  eden space 14336K, 100% used [0x00000000d5580000,0x00000000d6380000,0x00000000d6380000)
  from space 1536K, 97% used [0x00000000d6880000,0x00000000d69f8010,0x00000000d6a00000)
  to   space 2048K, 0% used [0x00000000d6600000,0x00000000d6600000,0x00000000d6800000)
 ParOldGen       total 68608K, used 45923K [0x0000000080000000, 0x0000000084300000, 0x00000000d5580000)
  object space 68608K, 66% used [0x0000000080000000,0x0000000082cd8c00,0x0000000084300000)
 Metaspace       used 61829K, committed 63168K, reserved 1114112K
  class space    used 7295K, committed 7936K, reserved 1048576K
}
Event: 130.781 GC heap after
{Heap after GC invocations=40 (full 3):
 PSYoungGen      total 16384K, used 1777K [0x00000000d5580000, 0x00000000d6900000, 0x0000000100000000)
  eden space 14336K, 0% used [0x00000000d5580000,0x00000000d5580000,0x00000000d6380000)
  from space 2048K, 86% used [0x00000000d6600000,0x00000000d67bc430,0x00000000d6800000)
  to   space 1024K, 0% used [0x00000000d6800000,0x00000000d6800000,0x00000000d6900000)
 ParOldGen       total 68608K, used 47403K [0x0000000080000000, 0x0000000084300000, 0x00000000d5580000)
  object space 68608K, 69% used [0x0000000080000000,0x0000000082e4ac10,0x0000000084300000)
 Metaspace       used 61829K, committed 63168K, reserved 1114112K
  class space    used 7295K, committed 7936K, reserved 1048576K
}
Event: 130.817 GC heap before
{Heap before GC invocations=41 (full 3):
 PSYoungGen      total 16384K, used 16113K [0x00000000d5580000, 0x00000000d6900000, 0x0000000100000000)
  eden space 14336K, 100% used [0x00000000d5580000,0x00000000d6380000,0x00000000d6380000)
  from space 2048K, 86% used [0x00000000d6600000,0x00000000d67bc430,0x00000000d6800000)
  to   space 1024K, 0% used [0x00000000d6800000,0x00000000d6800000,0x00000000d6900000)
 ParOldGen       total 68608K, used 47403K [0x0000000080000000, 0x0000000084300000, 0x00000000d5580000)
  object space 68608K, 69% used [0x0000000080000000,0x0000000082e4ac10,0x0000000084300000)
 Metaspace       used 61864K, committed 63232K, reserved 1114112K
  class space    used 7295K, committed 7936K, reserved 1048576K
}
Event: 130.824 GC heap after
{Heap after GC invocations=41 (full 3):
 PSYoungGen      total 15360K, used 992K [0x00000000d5580000, 0x00000000d6b80000, 0x0000000100000000)
  eden space 14336K, 0% used [0x00000000d5580000,0x00000000d5580000,0x00000000d6380000)
  from space 1024K, 96% used [0x00000000d6800000,0x00000000d68f8010,0x00000000d6900000)
  to   space 4096K, 0% used [0x00000000d6380000,0x00000000d6380000,0x00000000d6780000)
 ParOldGen       total 68608K, used 49735K [0x0000000080000000, 0x0000000084300000, 0x00000000d5580000)
  object space 68608K, 72% used [0x0000000080000000,0x0000000083091d28,0x0000000084300000)
 Metaspace       used 61864K, committed 63232K, reserved 1114112K
  class space    used 7295K, committed 7936K, reserved 1048576K
}
Event: 130.942 GC heap before
{Heap before GC invocations=42 (full 3):
 PSYoungGen      total 15360K, used 15328K [0x00000000d5580000, 0x00000000d6b80000, 0x0000000100000000)
  eden space 14336K, 100% used [0x00000000d5580000,0x00000000d6380000,0x00000000d6380000)
  from space 1024K, 96% used [0x00000000d6800000,0x00000000d68f8010,0x00000000d6900000)
  to   space 4096K, 0% used [0x00000000d6380000,0x00000000d6380000,0x00000000d6780000)
 ParOldGen       total 68608K, used 49735K [0x0000000080000000, 0x0000000084300000, 0x00000000d5580000)
  object space 68608K, 72% used [0x0000000080000000,0x0000000083091d28,0x0000000084300000)
 Metaspace       used 61877K, committed 63296K, reserved 1114112K
  class space    used 7295K, committed 7936K, reserved 1048576K
}
Event: 130.949 GC heap after
{Heap after GC invocations=42 (full 3):
 PSYoungGen      total 16384K, used 1730K [0x00000000d5580000, 0x00000000d6880000, 0x0000000100000000)
  eden space 14336K, 0% used [0x00000000d5580000,0x00000000d5580000,0x00000000d6380000)
  from space 2048K, 84% used [0x00000000d6380000,0x00000000d6530800,0x00000000d6580000)
  to   space 2560K, 0% used [0x00000000d6600000,0x00000000d6600000,0x00000000d6880000)
 ParOldGen       total 68608K, used 50735K [0x0000000080000000, 0x0000000084300000, 0x00000000d5580000)
  object space 68608K, 73% used [0x0000000080000000,0x000000008318bd38,0x0000000084300000)
 Metaspace       used 61877K, committed 63296K, reserved 1114112K
  class space    used 7295K, committed 7936K, reserved 1048576K
}
Event: 131.101 GC heap before
{Heap before GC invocations=43 (full 3):
 PSYoungGen      total 16384K, used 16066K [0x00000000d5580000, 0x00000000d6880000, 0x0000000100000000)
  eden space 14336K, 100% used [0x00000000d5580000,0x00000000d6380000,0x00000000d6380000)
  from space 2048K, 84% used [0x00000000d6380000,0x00000000d6530800,0x00000000d6580000)
  to   space 2560K, 0% used [0x00000000d6600000,0x00000000d6600000,0x00000000d6880000)
 ParOldGen       total 68608K, used 50735K [0x0000000080000000, 0x0000000084300000, 0x00000000d5580000)
  object space 68608K, 73% used [0x0000000080000000,0x000000008318bd38,0x0000000084300000)
 Metaspace       used 61886K, committed 63360K, reserved 1114112K
  class space    used 7295K, committed 7936K, reserved 1048576K
}
Event: 131.108 GC heap after
{Heap after GC invocations=43 (full 3):
 PSYoungGen      total 16384K, used 1636K [0x00000000d5580000, 0x00000000d6800000, 0x0000000100000000)
  eden space 14336K, 0% used [0x00000000d5580000,0x00000000d5580000,0x00000000d6380000)
  from space 2048K, 79% used [0x00000000d6600000,0x00000000d6799000,0x00000000d6800000)
  to   space 2048K, 0% used [0x00000000d6380000,0x00000000d6380000,0x00000000d6580000)
 ParOldGen       total 68608K, used 52263K [0x0000000080000000, 0x0000000084300000, 0x00000000d5580000)
  object space 68608K, 76% used [0x0000000080000000,0x0000000083309d38,0x0000000084300000)
 Metaspace       used 61886K, committed 63360K, reserved 1114112K
  class space    used 7295K, committed 7936K, reserved 1048576K
}
Event: 131.187 GC heap before
{Heap before GC invocations=44 (full 3):
 PSYoungGen      total 16384K, used 15972K [0x00000000d5580000, 0x00000000d6800000, 0x0000000100000000)
  eden space 14336K, 100% used [0x00000000d5580000,0x00000000d6380000,0x00000000d6380000)
  from space 2048K, 79% used [0x00000000d6600000,0x00000000d6799000,0x00000000d6800000)
  to   space 2048K, 0% used [0x00000000d6380000,0x00000000d6380000,0x00000000d6580000)
 ParOldGen       total 68608K, used 52263K [0x0000000080000000, 0x0000000084300000, 0x00000000d5580000)
  object space 68608K, 76% used [0x0000000080000000,0x0000000083309d38,0x0000000084300000)
 Metaspace       used 61906K, committed 63360K, reserved 1114112K
  class space    used 7295K, committed 7936K, reserved 1048576K
}
Event: 131.193 GC heap after
{Heap after GC invocations=44 (full 3):
 PSYoungGen      total 15872K, used 1408K [0x00000000d5580000, 0x00000000d6680000, 0x0000000100000000)
  eden space 14336K, 0% used [0x00000000d5580000,0x00000000d5580000,0x00000000d6380000)
  from space 1536K, 91% used [0x00000000d6380000,0x00000000d64e0000,0x00000000d6500000)
  to   space 1536K, 0% used [0x00000000d6500000,0x00000000d6500000,0x00000000d6680000)
 ParOldGen       total 68608K, used 53876K [0x0000000080000000, 0x0000000084300000, 0x00000000d5580000)
  object space 68608K, 78% used [0x0000000080000000,0x000000008349d360,0x0000000084300000)
 Metaspace       used 61906K, committed 63360K, reserved 1114112K
  class space    used 7295K, committed 7936K, reserved 1048576K
}
Event: 131.366 GC heap before
{Heap before GC invocations=45 (full 3):
 PSYoungGen      total 15872K, used 15744K [0x00000000d5580000, 0x00000000d6680000, 0x0000000100000000)
  eden space 14336K, 100% used [0x00000000d5580000,0x00000000d6380000,0x00000000d6380000)
  from space 1536K, 91% used [0x00000000d6380000,0x00000000d64e0000,0x00000000d6500000)
  to   space 1536K, 0% used [0x00000000d6500000,0x00000000d6500000,0x00000000d6680000)
 ParOldGen       total 68608K, used 53876K [0x0000000080000000, 0x0000000084300000, 0x00000000d5580000)
  object space 68608K, 78% used [0x0000000080000000,0x000000008349d360,0x0000000084300000)
 Metaspace       used 61938K, committed 63360K, reserved 1114112K
  class space    used 7296K, committed 7936K, reserved 1048576K
}
Event: 131.375 GC heap after
{Heap after GC invocations=45 (full 3):
 PSYoungGen      total 13824K, used 1504K [0x00000000d5580000, 0x00000000d6a80000, 0x0000000100000000)
  eden space 12288K, 0% used [0x00000000d5580000,0x00000000d5580000,0x00000000d6180000)
  from space 1536K, 97% used [0x00000000d6500000,0x00000000d6678010,0x00000000d6680000)
  to   space 3584K, 0% used [0x00000000d6180000,0x00000000d6180000,0x00000000d6500000)
 ParOldGen       total 68608K, used 55380K [0x0000000080000000, 0x0000000084300000, 0x00000000d5580000)
  object space 68608K, 80% used [0x0000000080000000,0x0000000083615360,0x0000000084300000)
 Metaspace       used 61938K, committed 63360K, reserved 1114112K
  class space    used 7296K, committed 7936K, reserved 1048576K
}
Event: 131.472 GC heap before
{Heap before GC invocations=46 (full 3):
 PSYoungGen      total 13824K, used 13792K [0x00000000d5580000, 0x00000000d6a80000, 0x0000000100000000)
  eden space 12288K, 100% used [0x00000000d5580000,0x00000000d6180000,0x00000000d6180000)
  from space 1536K, 97% used [0x00000000d6500000,0x00000000d6678010,0x00000000d6680000)
  to   space 3584K, 0% used [0x00000000d6180000,0x00000000d6180000,0x00000000d6500000)
 ParOldGen       total 68608K, used 55380K [0x0000000080000000, 0x0000000084300000, 0x00000000d5580000)
  object space 68608K, 80% used [0x0000000080000000,0x0000000083615360,0x0000000084300000)
 Metaspace       used 61970K, committed 63360K, reserved 1114112K
  class space    used 7296K, committed 7936K, reserved 1048576K
}
Event: 131.478 GC heap after
{Heap after GC invocations=46 (full 3):
 PSYoungGen      total 13824K, used 1208K [0x00000000d5580000, 0x00000000d6580000, 0x0000000100000000)
  eden space 12288K, 0% used [0x00000000d5580000,0x00000000d5580000,0x00000000d6180000)
  from space 1536K, 78% used [0x00000000d6180000,0x00000000d62ae200,0x00000000d6300000)
  to   space 2048K, 0% used [0x00000000d6380000,0x00000000d6380000,0x00000000d6580000)
 ParOldGen       total 68608K, used 56884K [0x0000000080000000, 0x0000000084300000, 0x00000000d5580000)
  object space 68608K, 82% used [0x0000000080000000,0x000000008378d370,0x0000000084300000)
 Metaspace       used 61970K, committed 63360K, reserved 1114112K
  class space    used 7296K, committed 7936K, reserved 1048576K
}

